2023-09-11 14:26:53,882 INFO o.j.r.PluginManagerCMD: Command is: install-for-jmx
2023-09-11 14:26:53,936 INFO o.j.r.JARSourceHTTP: Found cached repo
2023-09-11 14:26:54,154 INFO o.j.r.PluginManager: Plugins Status: [jpgc-functions=2.1, jpgc-casutg=2.5, jpgc-dummy=0.2, jpgc-filterresults=2.2, jpgc-ffw=2.0, jpgc-fifo=0.2, jpgc-json=2.6, bzm-parallel=0.4, jpgc-prmctl=0.4, jpgc-perfmon=2.1, jpgc-plugins-manager=1.7, bzm-random-csv=0.6, tilln-sshmon=1.0, jpgc-synthesis=2.2, jpgc-tst=2.4, jpgc-wsc=0.3, jmeter-core=5.5, jmeter-ftp=5.5, jmeter-http=5.5, jmeter-jdbc=5.5, jmeter-jms=5.5, jmeter-junit=5.5, jmeter-java=5.5, jmeter-ldap=5.5, jmeter-mail=5.5, jmeter-mongodb=5.5, jmeter-native=5.5, jmeter-tcp=5.5, jmeter-components=5.5]
2023-09-11 14:26:54,156 INFO o.j.r.PluginManagerCMD: Params line is: /dc-app-performance-toolkit/app/jmeter/modified_jira.jmx
2023-09-11 14:26:54,182 WARN o.j.r.p.TestPlanAnalyzer: Cannot parse file: /dc-app-performance-toolkit/app/jmeter/modified_jira.jmx
org.xml.sax.SAXParseException: An invalid XML character (Unicode: 0x98) was found in the element content of the document.
	at org.apache.xerces.parsers.DOMParser.parse(Unknown Source) ~[xercesImpl-2.12.2.jar:?]
	at org.apache.xerces.jaxp.DocumentBuilderImpl.parse(Unknown Source) ~[xercesImpl-2.12.2.jar:?]
	at javax.xml.parsers.DocumentBuilder.parse(DocumentBuilder.java:122) ~[?:?]
	at org.jmeterplugins.repository.plugins.TestPlanAnalyzer.getNodeListWithClassNames(TestPlanAnalyzer.java:112) ~[jmeter-plugins-manager-1.7.jar:?]
	at org.jmeterplugins.repository.plugins.TestPlanAnalyzer.analyze(TestPlanAnalyzer.java:37) ~[jmeter-plugins-manager-1.7.jar:?]
	at org.jmeterplugins.repository.plugins.PluginSuggester.analyzeTestPlan(PluginSuggester.java:51) ~[jmeter-plugins-manager-1.7.jar:?]
	at org.jmeterplugins.repository.PluginManagerCMD.installPluginsForJmx(PluginManagerCMD.java:127) ~[jmeter-plugins-manager-1.7.jar:?]
	at org.jmeterplugins.repository.PluginManagerCMD.processParams(PluginManagerCMD.java:81) ~[jmeter-plugins-manager-1.7.jar:?]
	at kg.apc.cmdtools.PluginsCMD.processParams(PluginsCMD.java:62) ~[cmdrunner-2.2.jar:?]
	at kg.apc.cmdtools.PluginsCMD.processParams(PluginsCMD.java:21) ~[cmdrunner-2.2.jar:?]
	at jdk.internal.reflect.NativeMethodAccessorImpl.invoke0(Native Method) ~[?:?]
	at jdk.internal.reflect.NativeMethodAccessorImpl.invoke(NativeMethodAccessorImpl.java:62) ~[?:?]
	at jdk.internal.reflect.DelegatingMethodAccessorImpl.invoke(DelegatingMethodAccessorImpl.java:43) ~[?:?]
	at java.lang.reflect.Method.invoke(Method.java:566) ~[?:?]
	at kg.apc.cmd.UniversalRunner.main(UniversalRunner.java:115) ~[cmdrunner-2.2.jar:?]
2023-09-11 14:26:54,223 INFO o.j.r.PluginManager: Finishing without changes
